{
  "RSpec": {
    "coverage": {
      "/Users/annawiley/turing_work/3mod/challenges/market_money_fe/config/environment.rb": {
        "lines": [
          null,
          1,
          null,
          null,
          1
        ]
      },
      "/Users/annawiley/turing_work/3mod/challenges/market_money_fe/config/application.rb": {
        "lines": [
          1,
          null,
          1,
          null,
          1,
          1,
          1,
          1,
          1,
          1,
          1,
          1,
          1,
          1,
          null,
          null,
          null,
          null,
          1,
          null,
          1,
          1,
          null,
          1,
          null,
          null,
          null,
          null,
          null,
          null,
          null,
          null,
          null,
          null,
          1,
          null,
          null
        ]
      },
      "/Users/annawiley/turing_work/3mod/challenges/market_money_fe/config/boot.rb": {
        "lines": [
          1,
          null,
          1,
          1
        ]
      },
      "/Users/annawiley/turing_work/3mod/challenges/market_money_fe/config/environments/test.rb": {
        "lines": [
          1,
          null,
          null,
          null,
          null,
          null,
          null,
          1,
          null,
          null,
          null,
          1,
          null,
          null,
          null,
          null,
          1,
          null,
          null,
          1,
          1,
          null,
          null,
          null,
          null,
          1,
          1,
          1,
          null,
          null,
          1,
          null,
          null,
          1,
          null,
          null,
          1,
          null,
          1,
          null,
          null,
          null,
          null,
          1,
          null,
          null,
          1,
          null,
          null,
          1,
          null,
          null,
          1,
          null,
          null,
          null,
          null,
          null,
          null,
          null
        ]
      },
      "/Users/annawiley/turing_work/3mod/challenges/market_money_fe/config/initializers/assets.rb": {
        "lines": [
          null,
          null,
          null,
          1,
          null,
          null,
          null,
          null,
          null,
          null,
          null,
          null
        ]
      },
      "/Users/annawiley/turing_work/3mod/challenges/market_money_fe/config/initializers/content_security_policy.rb": {
        "lines": [
          null,
          null,
          null,
          null,
          null,
          null,
          null,
          null,
          null,
          null,
          null,
          null,
          null,
          null,
          null,
          null,
          null,
          null,
          null,
          null,
          null,
          null,
          null,
          null,
          null
        ]
      },
      "/Users/annawiley/turing_work/3mod/challenges/market_money_fe/config/initializers/filter_parameter_logging.rb": {
        "lines": [
          null,
          null,
          null,
          null,
          null,
          1,
          null,
          null
        ]
      },
      "/Users/annawiley/turing_work/3mod/challenges/market_money_fe/config/initializers/inflections.rb": {
        "lines": [
          null,
          null,
          null,
          null,
          null,
          null,
          null,
          null,
          null,
          null,
          null,
          null,
          null,
          null,
          null,
          null
        ]
      },
      "/Users/annawiley/turing_work/3mod/challenges/market_money_fe/config/initializers/permissions_policy.rb": {
        "lines": [
          null,
          null,
          null,
          null,
          null,
          null,
          null,
          null,
          null,
          null,
          null
        ]
      },
      "/Users/annawiley/turing_work/3mod/challenges/market_money_fe/config/routes.rb": {
        "lines": [
          1,
          1,
          1,
          null
        ]
      },
      "/Users/annawiley/turing_work/3mod/challenges/market_money_fe/app/helpers/application_helper.rb": {
        "lines": [
          1,
          null
        ]
      },
      "/Users/annawiley/turing_work/3mod/challenges/market_money_fe/app/facades/markets_facade.rb": {
        "lines": [
          1,
          1,
          28,
          null,
          null,
          1,
          3,
          3,
          2538,
          null,
          null,
          null,
          1,
          7,
          7,
          null,
          null,
          1,
          3,
          3,
          null,
          null,
          1,
          7,
          15,
          15,
          null,
          null,
          null
        ]
      },
      "/Users/annawiley/turing_work/3mod/challenges/market_money_fe/spec/features/markets/index_spec.rb": {
        "lines": [
          1,
          null,
          1,
          1,
          2,
          null,
          1,
          1,
          1,
          1,
          1,
          null,
          null,
          null,
          1,
          1,
          1,
          null,
          1,
          1,
          null,
          null,
          null,
          null,
          null,
          null,
          null,
          null,
          null
        ]
      },
      "/Users/annawiley/turing_work/3mod/challenges/market_money_fe/spec/features/markets/show_spec.rb": {
        "lines": [
          1,
          null,
          1,
          1,
          4,
          null,
          null,
          1,
          1,
          1,
          1,
          null,
          null,
          1,
          1,
          null,
          null,
          1,
          1,
          null,
          1,
          1,
          1,
          1,
          1,
          null,
          null,
          1,
          1,
          null,
          1,
          null,
          null,
          null,
          null,
          null,
          null,
          null,
          null,
          null,
          null,
          null
        ]
      },
      "/Users/annawiley/turing_work/3mod/challenges/market_money_fe/spec/features/vendors/show_spec.rb": {
        "lines": [
          1,
          null,
          1,
          1,
          1,
          null,
          null,
          1,
          1,
          1,
          1,
          1,
          1,
          null,
          null
        ]
      },
      "/Users/annawiley/turing_work/3mod/challenges/market_money_fe/spec/poros/market_spec.rb": {
        "lines": [
          1,
          null,
          1,
          1,
          null,
          3,
          null,
          null,
          null,
          null,
          null,
          null,
          null,
          null,
          null,
          null,
          null,
          null,
          null,
          null,
          null,
          null,
          null,
          null,
          null,
          null,
          null,
          null,
          3,
          null,
          null,
          1,
          1,
          1,
          1,
          1,
          1,
          1,
          1,
          1,
          1,
          1,
          null,
          1,
          1,
          null,
          null,
          null,
          null,
          null,
          1,
          1,
          1,
          1,
          null,
          null,
          1,
          null,
          1,
          null,
          null,
          null,
          null,
          null,
          null,
          null,
          null,
          null,
          null,
          null,
          null,
          null,
          null,
          null,
          null,
          null,
          null,
          null,
          null,
          null,
          null,
          null,
          null,
          null,
          null,
          null,
          null,
          null,
          null,
          null,
          null,
          null,
          null,
          null,
          null,
          null,
          null,
          null,
          null,
          1,
          null,
          1,
          null,
          null,
          null,
          null
        ]
      },
      "/Users/annawiley/turing_work/3mod/challenges/market_money_fe/app/poros/market.rb": {
        "lines": [
          1,
          1,
          null,
          null,
          null,
          null,
          null,
          null,
          null,
          null,
          null,
          null,
          null,
          1,
          2549,
          2549,
          2549,
          2549,
          2549,
          2549,
          2549,
          2549,
          2549,
          2549,
          2549,
          null,
          null,
          1,
          8,
          16,
          null,
          null,
          null,
          null,
          null
        ]
      },
      "/Users/annawiley/turing_work/3mod/challenges/market_money_fe/spec/poros/vendor_spec.rb": {
        "lines": [
          1,
          null,
          1,
          1,
          null,
          2,
          null,
          null,
          null,
          null,
          null,
          null,
          null,
          null,
          2,
          null,
          null,
          1,
          1,
          1,
          1,
          1,
          1,
          1,
          null,
          null,
          1,
          1,
          1,
          null,
          null,
          null
        ]
      },
      "/Users/annawiley/turing_work/3mod/challenges/market_money_fe/app/poros/vendor.rb": {
        "lines": [
          1,
          1,
          null,
          null,
          null,
          null,
          null,
          null,
          1,
          20,
          20,
          20,
          20,
          20,
          20,
          null,
          null,
          1,
          3,
          0,
          null,
          3,
          null,
          null,
          null
        ]
      },
      "/Users/annawiley/turing_work/3mod/challenges/market_money_fe/spec/services/markets_service_spec.rb": {
        "lines": [
          1,
          null,
          1,
          1,
          1,
          1,
          1,
          null,
          1,
          null,
          1,
          1,
          null,
          1,
          1,
          null,
          1,
          1,
          null,
          1,
          1,
          null,
          1,
          1,
          null,
          1,
          1,
          null,
          1,
          1,
          null,
          1,
          1,
          null,
          1,
          1,
          null,
          null
        ]
      },
      "/Users/annawiley/turing_work/3mod/challenges/market_money_fe/app/services/markets_service.rb": {
        "lines": [
          1,
          1,
          29,
          null,
          null,
          1,
          29,
          29,
          null,
          null,
          1,
          4,
          null,
          null,
          1,
          7,
          null,
          null,
          1,
          18,
          null,
          null
        ]
      },
      "/Users/annawiley/turing_work/3mod/challenges/market_money_fe/app/controllers/markets_controller.rb": {
        "lines": [
          1,
          1,
          2,
          null,
          null,
          1,
          6,
          6,
          6,
          null,
          null,
          null,
          1,
          1,
          6,
          null,
          null
        ]
      },
      "/Users/annawiley/turing_work/3mod/challenges/market_money_fe/app/controllers/application_controller.rb": {
        "lines": [
          1,
          null
        ]
      },
      "/Users/annawiley/turing_work/3mod/challenges/market_money_fe/app/controllers/vendors_controller.rb": {
        "lines": [
          1,
          1,
          2,
          null,
          null,
          null,
          1,
          1,
          2,
          null,
          null
        ]
      }
    },
    "timestamp": 1694442637
  }
}
